{
  "RSpec": {
    "coverage": {
      "/home/josh/liquor_project/Liquor-Delivery/app/models/user.rb": {
        "lines": [
          1,
          1,
          1,
          1,
          1,
          1,
          1,
          3,
          51,
          null,
          null,
          null,
          null
        ]
      },
      "/home/josh/liquor_project/Liquor-Delivery/app/models/application_record.rb": {
        "lines": [
          1,
          1,
          null
        ]
      },
      "/home/josh/liquor_project/Liquor-Delivery/app/models/role.rb": {
        "lines": [
          1,
          1,
          1,
          null
        ]
      },
      "/home/josh/liquor_project/Liquor-Delivery/app/services/json_web_token.rb": {
        "lines": [
          1,
          1,
          1,
          null,
          1,
          36,
          36,
          null,
          null,
          1,
          36,
          36,
          null,
          null,
          0,
          null,
          null,
          null,
          null,
          0,
          null,
          null,
          null,
          null,
          0,
          null,
          null,
          null,
          null
        ]
      },
      "/home/josh/liquor_project/Liquor-Delivery/app/models/brand.rb": {
        "lines": [
          1,
          1,
          1,
          3,
          null
        ]
      },
      "/home/josh/liquor_project/Liquor-Delivery/app/controllers/brands_controller.rb": {
        "lines": [
          1,
          1,
          2,
          2,
          null,
          null,
          1,
          2,
          2,
          null,
          null,
          1,
          2,
          2,
          null,
          null,
          1,
          2,
          2,
          null,
          null,
          1,
          null,
          1,
          0,
          null,
          null,
          null,
          1,
          2,
          null,
          null,
          1,
          2,
          null,
          null
        ]
      },
      "/home/josh/liquor_project/Liquor-Delivery/app/controllers/application_controller.rb": {
        "lines": [
          null,
          null,
          1,
          1,
          1,
          1,
          1,
          null,
          1,
          null,
          1,
          1,
          3,
          null,
          null,
          1,
          1,
          null,
          null,
          1,
          9,
          null,
          null,
          1,
          null,
          1,
          36,
          36,
          36,
          36,
          36,
          36,
          null,
          0,
          null,
          0,
          0,
          null,
          null,
          0,
          null,
          null,
          null,
          1,
          0,
          null,
          null,
          null,
          null,
          null
        ]
      },
      "/home/josh/liquor_project/Liquor-Delivery/app/models/ability.rb": {
        "lines": [
          null,
          null,
          1,
          1,
          null,
          1,
          null,
          36,
          31,
          null,
          1,
          null,
          4,
          null,
          null,
          null,
          1,
          31,
          null,
          null,
          1,
          1,
          1,
          1,
          null,
          null,
          1,
          4,
          4,
          4,
          4,
          null,
          null
        ]
      },
      "/home/josh/liquor_project/Liquor-Delivery/app/services/brands/create.rb": {
        "lines": [
          1,
          1,
          1,
          null,
          1,
          2,
          null,
          null,
          1,
          2,
          null,
          null,
          1,
          null,
          1,
          2,
          2,
          null,
          null,
          1,
          null,
          null,
          null,
          null,
          1,
          2,
          null,
          null,
          null,
          null,
          null,
          null,
          null
        ]
      },
      "/home/josh/liquor_project/Liquor-Delivery/app/models/product.rb": {
        "lines": [
          1,
          1,
          1,
          1,
          1,
          null
        ]
      },
      "/home/josh/liquor_project/Liquor-Delivery/app/models/order.rb": {
        "lines": [
          1,
          1,
          1,
          1,
          null
        ]
      },
      "/home/josh/liquor_project/Liquor-Delivery/app/services/brands/update.rb": {
        "lines": [
          1,
          1,
          1,
          null,
          1,
          2,
          2,
          null,
          null,
          1,
          2,
          null,
          null,
          1,
          null,
          1,
          2,
          2,
          null,
          null,
          1,
          null,
          null,
          null,
          null,
          1,
          2,
          1,
          null,
          null,
          0,
          null,
          null,
          null,
          null,
          1,
          2,
          null,
          null,
          null,
          null,
          null,
          null,
          null
        ]
      },
      "/home/josh/liquor_project/Liquor-Delivery/app/services/brands/show.rb": {
        "lines": [
          1,
          1,
          1,
          null,
          1,
          2,
          null,
          null,
          1,
          2,
          null,
          null,
          1,
          2,
          2,
          null,
          null,
          1,
          null,
          null,
          null,
          null,
          1,
          2,
          null,
          null,
          null,
          null,
          null,
          null,
          null
        ]
      },
      "/home/josh/liquor_project/Liquor-Delivery/app/services/brands/index.rb": {
        "lines": [
          1,
          1,
          1,
          null,
          1,
          2,
          2,
          null,
          null,
          1,
          2,
          null,
          null,
          1,
          null,
          1,
          2,
          1,
          1,
          1,
          null,
          null,
          0,
          null,
          null,
          0,
          null,
          2,
          null,
          null,
          1,
          null,
          2,
          null,
          null,
          null,
          null,
          null,
          null,
          null,
          null
        ]
      },
      "/home/josh/liquor_project/Liquor-Delivery/app/controllers/orders_controller.rb": {
        "lines": [
          1,
          1,
          5,
          5,
          null,
          null
        ]
      },
      "/home/josh/liquor_project/Liquor-Delivery/app/services/orders/create.rb": {
        "lines": [
          1,
          1,
          1,
          null,
          null,
          1,
          5,
          5,
          5,
          5,
          null,
          null,
          1,
          5,
          null,
          null,
          1,
          5,
          5,
          null,
          0,
          null,
          null,
          null,
          null,
          1,
          5,
          5,
          5,
          7,
          null,
          7,
          4,
          4,
          null,
          3,
          null,
          null,
          null,
          null,
          null,
          3,
          null,
          null,
          1,
          5,
          3,
          3,
          null,
          null,
          2,
          null,
          null,
          null,
          0,
          null,
          null,
          null,
          null,
          1,
          5,
          null,
          null,
          2,
          null,
          null,
          null,
          null,
          null
        ]
      },
      "/home/josh/liquor_project/Liquor-Delivery/app/services/product_orders/create.rb": {
        "lines": [
          1,
          1,
          1,
          null,
          null,
          1,
          7,
          7,
          7,
          7,
          null,
          null,
          1,
          7,
          null,
          null,
          1,
          7,
          null,
          7,
          null,
          null,
          3,
          null,
          null,
          null,
          null,
          1,
          7,
          null,
          null,
          4,
          null,
          null,
          4,
          null,
          null,
          null,
          1,
          7,
          null,
          4,
          null,
          4,
          null,
          4,
          null,
          null,
          null,
          null,
          0,
          null,
          null,
          null,
          null
        ]
      },
      "/home/josh/liquor_project/Liquor-Delivery/app/models/product_order.rb": {
        "lines": [
          1,
          1,
          1,
          null,
          1,
          null,
          1,
          null,
          null,
          4,
          null,
          null
        ]
      },
      "/home/josh/liquor_project/Liquor-Delivery/app/controllers/products_controller.rb": {
        "lines": [
          1,
          1,
          3,
          3,
          null,
          null,
          1,
          2,
          2,
          null,
          null,
          1,
          0,
          0,
          null,
          null,
          1,
          2,
          2,
          null,
          null,
          1,
          null,
          1,
          3,
          null,
          null,
          null,
          1,
          2,
          null,
          null,
          null
        ]
      },
      "/home/josh/liquor_project/Liquor-Delivery/app/services/products/create.rb": {
        "lines": [
          1,
          1,
          1,
          null,
          null,
          1,
          3,
          3,
          null,
          null,
          1,
          3,
          null,
          null,
          1,
          null,
          1,
          3,
          3,
          null,
          null,
          1,
          null,
          null,
          null,
          null,
          1,
          3,
          null,
          2,
          2,
          null,
          null,
          1,
          null,
          null,
          null,
          null,
          1,
          3,
          null,
          null,
          null,
          null,
          null,
          null,
          null,
          null
        ]
      },
      "/home/josh/liquor_project/Liquor-Delivery/app/services/products/update.rb": {
        "lines": [
          1,
          1,
          1,
          null,
          null,
          1,
          2,
          2,
          null,
          null,
          1,
          2,
          null,
          null,
          1,
          null,
          1,
          2,
          null,
          2,
          2,
          null,
          null,
          1,
          null,
          null,
          null,
          null,
          1,
          2,
          1,
          null,
          null,
          0,
          null,
          null,
          null,
          null,
          1,
          2,
          null,
          null,
          null,
          null,
          null,
          null,
          null,
          null
        ]
      },
      "/home/josh/liquor_project/Liquor-Delivery/app/services/products/show.rb": {
        "lines": [
          1,
          1,
          1,
          null,
          1,
          2,
          2,
          null,
          null,
          1,
          2,
          null,
          null,
          1,
          2,
          2,
          null,
          null,
          1,
          null,
          null,
          null,
          null,
          1,
          2,
          1,
          1,
          0,
          0,
          null,
          null,
          0,
          null,
          null,
          0,
          null,
          null,
          null,
          1,
          2,
          null,
          null,
          null,
          null,
          null,
          null,
          null
        ]
      },
      "/home/josh/liquor_project/Liquor-Delivery/app/controllers/roles_controller.rb": {
        "lines": [
          1,
          null,
          1,
          2,
          2,
          null,
          null,
          1,
          0,
          0,
          null,
          null,
          1,
          0,
          0,
          null,
          null,
          1,
          3,
          2,
          null,
          null,
          1,
          null,
          1,
          3,
          null,
          null,
          1,
          2,
          null,
          null
        ]
      },
      "/home/josh/liquor_project/Liquor-Delivery/app/services/roles/create.rb": {
        "lines": [
          1,
          1,
          1,
          null,
          1,
          2,
          null,
          null,
          1,
          2,
          null,
          null,
          1,
          null,
          1,
          2,
          2,
          null,
          null,
          1,
          null,
          null,
          null,
          null,
          1,
          2,
          null,
          null,
          null,
          null,
          null,
          null,
          null
        ]
      },
      "/home/josh/liquor_project/Liquor-Delivery/app/services/roles/update.rb": {
        "lines": [
          1,
          1,
          1,
          null,
          1,
          2,
          2,
          null,
          null,
          1,
          2,
          null,
          null,
          1,
          null,
          1,
          2,
          2,
          null,
          null,
          1,
          null,
          null,
          null,
          null,
          1,
          2,
          1,
          null,
          0,
          null,
          null,
          1,
          2,
          null,
          null,
          null,
          null,
          null,
          null,
          null
        ]
      },
      "/home/josh/liquor_project/Liquor-Delivery/app/controllers/users_controller.rb": {
        "lines": [
          1,
          null,
          1,
          2,
          2,
          null,
          null,
          1,
          0,
          0,
          null,
          null,
          1,
          2,
          2,
          null,
          null,
          1,
          2,
          2,
          null,
          null,
          1,
          2,
          2,
          null,
          null,
          1,
          1,
          4,
          null,
          null,
          null,
          1,
          2,
          null,
          null
        ]
      },
      "/home/josh/liquor_project/Liquor-Delivery/app/services/users/create.rb": {
        "lines": [
          1,
          1,
          1,
          null,
          1,
          2,
          null,
          null,
          1,
          2,
          null,
          null,
          1,
          null,
          1,
          2,
          2,
          null,
          null,
          1,
          null,
          null,
          null,
          null,
          1,
          null,
          2,
          null,
          null,
          null,
          null,
          null,
          null,
          null
        ]
      },
      "/home/josh/liquor_project/Liquor-Delivery/app/services/users/update.rb": {
        "lines": [
          1,
          1,
          1,
          null,
          1,
          2,
          2,
          null,
          null,
          1,
          2,
          null,
          null,
          1,
          null,
          1,
          2,
          2,
          null,
          null,
          0,
          null,
          null,
          null,
          null,
          1,
          2,
          2,
          null,
          null,
          0,
          null,
          null,
          null,
          null,
          1,
          2,
          null,
          null,
          null,
          null,
          null,
          null,
          null
        ]
      },
      "/home/josh/liquor_project/Liquor-Delivery/app/services/users/show.rb": {
        "lines": [
          1,
          1,
          1,
          null,
          1,
          2,
          null,
          null,
          1,
          2,
          null,
          null,
          1,
          null,
          1,
          2,
          2,
          null,
          null,
          1,
          null,
          null,
          null,
          null,
          1,
          2,
          null,
          null,
          null,
          null,
          null,
          null,
          null
        ]
      },
      "/home/josh/liquor_project/Liquor-Delivery/app/services/users/destroy.rb": {
        "lines": [
          1,
          1,
          1,
          null,
          1,
          2,
          null,
          null,
          1,
          2,
          null,
          null,
          1,
          2,
          2,
          null,
          null,
          1,
          null,
          null,
          null,
          null,
          1,
          null,
          1,
          2,
          1,
          null,
          1,
          null,
          null,
          null,
          null,
          null
        ]
      },
      "/home/josh/liquor_project/Liquor-Delivery/app/channels/application_cable/channel.rb": {
        "lines": [
          0,
          0,
          0,
          0
        ],
        "branches": {
        }
      },
      "/home/josh/liquor_project/Liquor-Delivery/app/channels/application_cable/connection.rb": {
        "lines": [
          0,
          0,
          0,
          0
        ],
        "branches": {
        }
      },
      "/home/josh/liquor_project/Liquor-Delivery/app/controllers/sessions_controller.rb": {
        "lines": [
          0,
          0,
          0,
          null,
          0,
          0,
          0,
          0,
          null,
          0,
          null,
          0,
          0,
          0,
          0
        ],
        "branches": {
        }
      },
      "/home/josh/liquor_project/Liquor-Delivery/app/jobs/application_job.rb": {
        "lines": [
          0,
          null,
          null,
          null,
          null,
          null,
          0
        ],
        "branches": {
        }
      },
      "/home/josh/liquor_project/Liquor-Delivery/app/mailers/application_mailer.rb": {
        "lines": [
          0,
          0,
          0,
          0
        ],
        "branches": {
        }
      },
      "/home/josh/liquor_project/Liquor-Delivery/app/services/products/index.rb": {
        "lines": [
          0,
          0,
          0,
          null,
          0,
          0,
          0,
          0,
          null,
          0,
          0,
          0,
          null,
          0,
          null,
          0,
          0,
          0,
          0,
          0,
          0,
          0,
          0,
          0,
          0,
          0,
          0,
          0,
          0,
          null,
          0,
          0,
          0,
          0,
          0,
          0,
          0,
          0,
          0,
          0
        ],
        "branches": {
        }
      },
      "/home/josh/liquor_project/Liquor-Delivery/app/services/roles/index.rb": {
        "lines": [
          0,
          0,
          0,
          null,
          0,
          0,
          0,
          null,
          0,
          0,
          0,
          null,
          0,
          null,
          0,
          0,
          0,
          null,
          0,
          0,
          0,
          0,
          0,
          null,
          0,
          0,
          0,
          0,
          0,
          0,
          0,
          0,
          0
        ],
        "branches": {
        }
      },
      "/home/josh/liquor_project/Liquor-Delivery/app/services/roles/show.rb": {
        "lines": [
          0,
          0,
          0,
          null,
          0,
          0,
          0,
          null,
          0,
          0,
          0,
          null,
          0,
          null,
          0,
          0,
          0,
          null,
          0,
          0,
          0,
          0,
          0,
          null,
          0,
          0,
          0,
          0,
          0,
          0,
          0,
          0,
          0
        ],
        "branches": {
        }
      },
      "/home/josh/liquor_project/Liquor-Delivery/app/services/sessions/login.rb": {
        "lines": [
          0,
          0,
          0,
          0,
          null,
          0,
          0,
          0,
          0,
          null,
          0,
          0,
          0,
          0,
          null,
          0,
          null,
          0,
          0,
          0,
          null,
          0,
          0,
          0,
          0,
          0,
          null,
          0,
          0,
          0,
          null,
          0,
          0,
          0,
          0,
          0,
          null,
          0,
          0,
          null,
          0,
          0,
          0,
          0,
          null,
          0,
          null,
          0,
          0,
          0,
          0,
          0,
          0,
          0,
          0
        ],
        "branches": {
        }
      },
      "/home/josh/liquor_project/Liquor-Delivery/app/services/users/index.rb": {
        "lines": [
          0,
          0,
          0,
          null,
          0,
          0,
          0,
          null,
          0,
          0,
          0,
          null,
          0,
          0,
          0,
          0,
          null,
          0,
          0,
          0,
          0,
          0,
          null,
          0,
          0,
          0,
          0,
          0,
          0,
          0,
          0,
          0
        ],
        "branches": {
        }
      }
    },
    "timestamp": 1687065875
  }
}
